This file contains any messages produced by compilers while
running configure, to aid debugging if configure makes a mistake.

It was created by rdate configure 1.5, which was
generated by GNU Autoconf 2.59.  Invocation command line was

  $ ./configure --prefix=/usr --mandir=/usr/share/man

## --------- ##
## Platform. ##
## --------- ##

hostname = balthael
uname -m = x86_64
uname -r = 6.14.6-arch1-1
uname -s = Linux
uname -v = #1 SMP PREEMPT_DYNAMIC Fri, 09 May 2025 17:36:18 +0000

/usr/bin/uname -p = unknown
/bin/uname -X     = unknown

/bin/arch              = unknown
/usr/bin/arch -k       = unknown
/usr/convex/getsysinfo = unknown
hostinfo               = unknown
/bin/machine           = unknown
/usr/bin/oslevel       = unknown
/bin/universe          = unknown

PATH: /home/balthael/.fzf/bin
PATH: /usr/local/games
PATH: /sbin
PATH: /usr/sbin
PATH: /opt/nvim/nvim-linux64/bin
PATH: /home/balthael/go/bin
PATH: /home/balthael/.npm-global/bin
PATH: /home/balthael/tools/custom-scripts
PATH: /home/balthael/tools/windows/AD/powerview
PATH: /home/balthael/tools/windows/AD/evil-winrm/bin
PATH: /home/balthael/tools/windows/AD/BloodHound.py
PATH: /home/balthael/tools/windows/AD/pywhisker/pywhisker
PATH: /home/balthael/tools/windows/AD
PATH: /home/balthael/tools/windows/AD/kerbrute
PATH: /home/balthael/tools/web/favicon-hashtrick
PATH: /home/balthael/tools/web/securityheaders
PATH: /home/balthael/tools/web/shcheck/shcheck
PATH: /home/balthael/tools/web/amass/
PATH: /home/balthael/tools/web/karma
PATH: /home/balthael/tools/bin
PATH: /home/balthael/.local/bin
PATH: /home/balthael/.config/bspwm/src
PATH: /usr/local/bin
PATH: /usr/bin
PATH: /bin
PATH: /usr/local/sbin
PATH: /var/lib/flatpak/exports/bin
PATH: /usr/lib/jvm/default/bin
PATH: /usr/bin/site_perl
PATH: /usr/bin/vendor_perl
PATH: /usr/bin/core_perl
PATH: /usr/lib/rustup/bin
PATH: /root/.local/bin


## ----------- ##
## Core tests. ##
## ----------- ##

configure:1353: checking for a BSD-compatible install
configure:1408: result: /usr/bin/install -c
configure:1419: checking whether build environment is sane
configure:1462: result: yes
configure:1519: checking for gawk
configure:1535: found /sbin/gawk
configure:1545: result: gawk
configure:1555: checking whether make sets $(MAKE)
configure:1575: result: yes
configure:1806: checking for gcc
configure:1822: found /sbin/gcc
configure:1832: result: gcc
configure:2076: checking for C compiler version
configure:2079: gcc --version </dev/null >&5
gcc (GCC) 15.1.1 20250425
Copyright (C) 2025 Free Software Foundation, Inc.
This is free software; see the source for copying conditions.  There is NO
warranty; not even for MERCHANTABILITY or FITNESS FOR A PARTICULAR PURPOSE.

configure:2082: $? = 0
configure:2084: gcc -v </dev/null >&5
Using built-in specs.
COLLECT_GCC=gcc
COLLECT_LTO_WRAPPER=/usr/lib/gcc/x86_64-pc-linux-gnu/15.1.1/lto-wrapper
Target: x86_64-pc-linux-gnu
Configured with: /build/gcc/src/gcc/configure --enable-languages=ada,c,c++,d,fortran,go,lto,m2,objc,obj-c++,rust,cobol --enable-bootstrap --prefix=/usr --libdir=/usr/lib --libexecdir=/usr/lib --mandir=/usr/share/man --infodir=/usr/share/info --with-bugurl=https://gitlab.archlinux.org/archlinux/packaging/packages/gcc/-/issues --with-build-config=bootstrap-lto --with-linker-hash-style=gnu --with-system-zlib --enable-__cxa_atexit --enable-cet=auto --enable-checking=release --enable-clocale=gnu --enable-default-pie --enable-default-ssp --enable-gnu-indirect-function --enable-gnu-unique-object --enable-libstdcxx-backtrace --enable-link-serialization=1 --enable-linker-build-id --enable-lto --enable-multilib --enable-plugin --enable-shared --enable-threads=posix --disable-libssp --disable-libstdcxx-pch --disable-werror
Thread model: posix
Supported LTO compression algorithms: zlib zstd
gcc version 15.1.1 20250425 (GCC) 
configure:2087: $? = 0
configure:2089: gcc -V </dev/null >&5
gcc: error: unrecognized command-line option '-V'
gcc: fatal error: no input files
compilation terminated.
configure:2092: $? = 1
configure:2115: checking for C compiler default output file name
configure:2118: gcc    conftest.c  >&5
configure:2121: $? = 0
configure:2167: result: a.out
configure:2172: checking whether the C compiler works
configure:2178: ./a.out
configure:2181: $? = 0
configure:2198: result: yes
configure:2205: checking whether we are cross compiling
configure:2207: result: no
configure:2210: checking for suffix of executables
configure:2212: gcc -o conftest    conftest.c  >&5
configure:2215: $? = 0
configure:2240: result: 
configure:2246: checking for suffix of object files
configure:2267: gcc -c   conftest.c >&5
configure:2270: $? = 0
configure:2292: result: o
configure:2296: checking whether we are using the GNU C compiler
configure:2320: gcc -c   conftest.c >&5
configure:2326: $? = 0
configure:2330: test -z 
			 || test ! -s conftest.err
configure:2333: $? = 0
configure:2336: test -s conftest.o
configure:2339: $? = 0
configure:2352: result: yes
configure:2358: checking whether gcc accepts -g
configure:2379: gcc -c -g  conftest.c >&5
configure:2385: $? = 0
configure:2389: test -z 
			 || test ! -s conftest.err
configure:2392: $? = 0
configure:2395: test -s conftest.o
configure:2398: $? = 0
configure:2409: result: yes
configure:2426: checking for gcc option to accept ANSI C
configure:2496: gcc  -c -g -O2  conftest.c >&5
conftest.c: In function 'e':
conftest.c:18:14: warning: old-style function definition [-Wold-style-definition]
   18 | static char *e (p, i)
      |              ^
configure:2502: $? = 0
configure:2506: test -z 
			 || test ! -s conftest.err
configure:2509: $? = 0
configure:2512: test -s conftest.o
configure:2515: $? = 0
configure:2533: result: none needed
configure:2551: gcc -c -g -O2  conftest.c >&5
conftest.c:2:3: error: unknown type name 'choke'
    2 |   choke me
      |   ^~~~~
conftest.c:2:3: error: expected '=', ',', ';', 'asm' or '__attribute__' at end of input
configure:2557: $? = 1
configure: failed program was:
| #ifndef __cplusplus
|   choke me
| #endif
configure:2701: checking for style of include used by make
configure:2729: result: GNU
configure:2757: checking dependency style of gcc
configure:2847: result: gcc3
configure:2877: checking for a BSD-compatible install
configure:2932: result: /usr/bin/install -c
configure:2947: checking for gethostbyaddr
configure:3004: gcc -o conftest -g -O2   conftest.c  >&5
configure:3010: $? = 0
configure:3014: test -z 
			 || test ! -s conftest.err
configure:3017: $? = 0
configure:3020: test -s conftest
configure:3023: $? = 0
configure:3035: result: yes
configure:3116: checking for socket
configure:3173: gcc -o conftest -g -O2   conftest.c  >&5
configure:3179: $? = 0
configure:3183: test -z 
			 || test ! -s conftest.err
configure:3186: $? = 0
configure:3189: test -s conftest
configure:3192: $? = 0
configure:3204: result: yes
configure:3285: checking for logwtmp
configure:3342: gcc -o conftest -g -O2   conftest.c  >&5
configure:3348: $? = 0
configure:3352: test -z 
			 || test ! -s conftest.err
configure:3355: $? = 0
configure:3358: test -s conftest
configure:3361: $? = 0
configure:3373: result: yes
configure:3467: checking for getaddrinfo
configure:3524: gcc -o conftest -g -O2   conftest.c  >&5
configure:3530: $? = 0
configure:3534: test -z 
			 || test ! -s conftest.err
configure:3537: $? = 0
configure:3540: test -s conftest
configure:3543: $? = 0
configure:3555: result: yes
configure:3467: checking for getnameinfo
configure:3524: gcc -o conftest -g -O2   conftest.c  >&5
configure:3530: $? = 0
configure:3534: test -z 
			 || test ! -s conftest.err
configure:3537: $? = 0
configure:3540: test -s conftest
configure:3543: $? = 0
configure:3555: result: yes
configure:3467: checking for adjtime
configure:3524: gcc -o conftest -g -O2   conftest.c  >&5
configure:3530: $? = 0
configure:3534: test -z 
			 || test ! -s conftest.err
configure:3537: $? = 0
configure:3540: test -s conftest
configure:3543: $? = 0
configure:3555: result: yes
configure:3467: checking for sigaction
configure:3524: gcc -o conftest -g -O2   conftest.c  >&5
configure:3530: $? = 0
configure:3534: test -z 
			 || test ! -s conftest.err
configure:3537: $? = 0
configure:3540: test -s conftest
configure:3543: $? = 0
configure:3555: result: yes
configure:3566: checking return type of signal handlers
configure:3597: gcc -c -g -O2  conftest.c >&5
conftest.c:23:8: error: conflicting types for 'signal'; have 'void (*(void))(void)'
   23 | void (*signal ()) ();
      |        ^~~~~~
In file included from conftest.c:16:
/usr/include/signal.h:88:23: note: previous declaration of 'signal' with type 'void (*(int,  void (*)(int)))(int)'
   88 | extern __sighandler_t signal (int __sig, __sighandler_t __handler)
      |                       ^~~~~~
configure:3603: $? = 1
configure: failed program was:
| /* confdefs.h.  */
| 
| #define PACKAGE_NAME "rdate"
| #define PACKAGE_TARNAME "rdate"
| #define PACKAGE_VERSION "1.5"
| #define PACKAGE_STRING "rdate 1.5"
| #define PACKAGE_BUGREPORT ""
| #define PACKAGE "rdate"
| #define VERSION "1.5"
| #define HAVE_GETADDRINFO 1
| #define HAVE_GETNAMEINFO 1
| #define HAVE_ADJTIME 1
| #define HAVE_SIGACTION 1
| /* end confdefs.h.  */
| #include <sys/types.h>
| #include <signal.h>
| #ifdef signal
| # undef signal
| #endif
| #ifdef __cplusplus
| extern "C" void (*signal (int, void (*)(int)))(int);
| #else
| void (*signal ()) ();
| #endif
| 
| int
| main ()
| {
| int i;
|   ;
|   return 0;
| }
configure:3627: result: int
configure:3643: checking how to run the C preprocessor
configure:3678: gcc -E  conftest.c
configure:3684: $? = 0
configure:3716: gcc -E  conftest.c
conftest.c:16:10: fatal error: ac_nonexistent.h: No such file or directory
   16 | #include <ac_nonexistent.h>
      |          ^~~~~~~~~~~~~~~~~~
compilation terminated.
configure:3722: $? = 1
configure: failed program was:
| /* confdefs.h.  */
| 
| #define PACKAGE_NAME "rdate"
| #define PACKAGE_TARNAME "rdate"
| #define PACKAGE_VERSION "1.5"
| #define PACKAGE_STRING "rdate 1.5"
| #define PACKAGE_BUGREPORT ""
| #define PACKAGE "rdate"
| #define VERSION "1.5"
| #define HAVE_GETADDRINFO 1
| #define HAVE_GETNAMEINFO 1
| #define HAVE_ADJTIME 1
| #define HAVE_SIGACTION 1
| #define RETSIGTYPE int
| /* end confdefs.h.  */
| #include <ac_nonexistent.h>
configure:3761: result: gcc -E
configure:3785: gcc -E  conftest.c
configure:3791: $? = 0
configure:3823: gcc -E  conftest.c
conftest.c:16:10: fatal error: ac_nonexistent.h: No such file or directory
   16 | #include <ac_nonexistent.h>
      |          ^~~~~~~~~~~~~~~~~~
compilation terminated.
configure:3829: $? = 1
configure: failed program was:
| /* confdefs.h.  */
| 
| #define PACKAGE_NAME "rdate"
| #define PACKAGE_TARNAME "rdate"
| #define PACKAGE_VERSION "1.5"
| #define PACKAGE_STRING "rdate 1.5"
| #define PACKAGE_BUGREPORT ""
| #define PACKAGE "rdate"
| #define VERSION "1.5"
| #define HAVE_GETADDRINFO 1
| #define HAVE_GETNAMEINFO 1
| #define HAVE_ADJTIME 1
| #define HAVE_SIGACTION 1
| #define RETSIGTYPE int
| /* end confdefs.h.  */
| #include <ac_nonexistent.h>
configure:3873: checking for egrep
configure:3883: result: grep -E
configure:3888: checking for ANSI C header files
configure:3913: gcc -c -g -O2  conftest.c >&5
configure:3919: $? = 0
configure:3923: test -z 
			 || test ! -s conftest.err
configure:3926: $? = 0
configure:3929: test -s conftest.o
configure:3932: $? = 0
configure:4021: gcc -o conftest -g -O2   conftest.c  >&5
conftest.c: In function 'main':
conftest.c:33:7: error: implicit declaration of function 'exit' [-Wimplicit-function-declaration]
   33 |       exit(2);
      |       ^~~~
conftest.c:17:1: note: include '<stdlib.h>' or provide a declaration of 'exit'
   16 | #include <ctype.h>
  +++ |+#include <stdlib.h>
   17 | #if ((' ' & 0x0FF) == 0x020)
conftest.c:33:7: warning: incompatible implicit declaration of built-in function 'exit' [-Wbuiltin-declaration-mismatch]
   33 |       exit(2);
      |       ^~~~
conftest.c:33:7: note: include '<stdlib.h>' or provide a declaration of 'exit'
conftest.c:34:3: warning: incompatible implicit declaration of built-in function 'exit' [-Wbuiltin-declaration-mismatch]
   34 |   exit (0);
      |   ^~~~
conftest.c:34:3: note: include '<stdlib.h>' or provide a declaration of 'exit'
configure:4024: $? = 1
configure: program exited with status 1
configure: failed program was:
| /* confdefs.h.  */
| 
| #define PACKAGE_NAME "rdate"
| #define PACKAGE_TARNAME "rdate"
| #define PACKAGE_VERSION "1.5"
| #define PACKAGE_STRING "rdate 1.5"
| #define PACKAGE_BUGREPORT ""
| #define PACKAGE "rdate"
| #define VERSION "1.5"
| #define HAVE_GETADDRINFO 1
| #define HAVE_GETNAMEINFO 1
| #define HAVE_ADJTIME 1
| #define HAVE_SIGACTION 1
| #define RETSIGTYPE int
| /* end confdefs.h.  */
| #include <ctype.h>
| #if ((' ' & 0x0FF) == 0x020)
| # define ISLOWER(c) ('a' <= (c) && (c) <= 'z')
| # define TOUPPER(c) (ISLOWER(c) ? 'A' + ((c) - 'a') : (c))
| #else
| # define ISLOWER(c) 		   (('a' <= (c) && (c) <= 'i') 		     || ('j' <= (c) && (c) <= 'r') 		     || ('s' <= (c) && (c) <= 'z'))
| # define TOUPPER(c) (ISLOWER(c) ? ((c) | 0x40) : (c))
| #endif
| 
| #define XOR(e, f) (((e) && !(f)) || (!(e) && (f)))
| int
| main ()
| {
|   int i;
|   for (i = 0; i < 256; i++)
|     if (XOR (islower (i), ISLOWER (i))
| 	|| toupper (i) != TOUPPER (i))
|       exit(2);
|   exit (0);
| }
configure:4044: result: no
configure:4068: checking for sys/types.h
configure:4084: gcc -c -g -O2  conftest.c >&5
configure:4090: $? = 0
configure:4094: test -z 
			 || test ! -s conftest.err
configure:4097: $? = 0
configure:4100: test -s conftest.o
configure:4103: $? = 0
configure:4114: result: yes
configure:4068: checking for sys/stat.h
configure:4084: gcc -c -g -O2  conftest.c >&5
configure:4090: $? = 0
configure:4094: test -z 
			 || test ! -s conftest.err
configure:4097: $? = 0
configure:4100: test -s conftest.o
configure:4103: $? = 0
configure:4114: result: yes
configure:4068: checking for stdlib.h
configure:4084: gcc -c -g -O2  conftest.c >&5
configure:4090: $? = 0
configure:4094: test -z 
			 || test ! -s conftest.err
configure:4097: $? = 0
configure:4100: test -s conftest.o
configure:4103: $? = 0
configure:4114: result: yes
configure:4068: checking for string.h
configure:4084: gcc -c -g -O2  conftest.c >&5
configure:4090: $? = 0
configure:4094: test -z 
			 || test ! -s conftest.err
configure:4097: $? = 0
configure:4100: test -s conftest.o
configure:4103: $? = 0
configure:4114: result: yes
configure:4068: checking for memory.h
configure:4084: gcc -c -g -O2  conftest.c >&5
configure:4090: $? = 0
configure:4094: test -z 
			 || test ! -s conftest.err
configure:4097: $? = 0
configure:4100: test -s conftest.o
configure:4103: $? = 0
configure:4114: result: yes
configure:4068: checking for strings.h
configure:4084: gcc -c -g -O2  conftest.c >&5
configure:4090: $? = 0
configure:4094: test -z 
			 || test ! -s conftest.err
configure:4097: $? = 0
configure:4100: test -s conftest.o
configure:4103: $? = 0
configure:4114: result: yes
configure:4068: checking for inttypes.h
configure:4084: gcc -c -g -O2  conftest.c >&5
configure:4090: $? = 0
configure:4094: test -z 
			 || test ! -s conftest.err
configure:4097: $? = 0
configure:4100: test -s conftest.o
configure:4103: $? = 0
configure:4114: result: yes
configure:4068: checking for stdint.h
configure:4084: gcc -c -g -O2  conftest.c >&5
configure:4090: $? = 0
configure:4094: test -z 
			 || test ! -s conftest.err
configure:4097: $? = 0
configure:4100: test -s conftest.o
configure:4103: $? = 0
configure:4114: result: yes
configure:4068: checking for unistd.h
configure:4084: gcc -c -g -O2  conftest.c >&5
configure:4090: $? = 0
configure:4094: test -z 
			 || test ! -s conftest.err
configure:4097: $? = 0
configure:4100: test -s conftest.o
configure:4103: $? = 0
configure:4114: result: yes
configure:4141: checking time.h usability
configure:4153: gcc -c -g -O2  conftest.c >&5
configure:4159: $? = 0
configure:4163: test -z 
			 || test ! -s conftest.err
configure:4166: $? = 0
configure:4169: test -s conftest.o
configure:4172: $? = 0
configure:4182: result: yes
configure:4186: checking time.h presence
configure:4196: gcc -E  conftest.c
configure:4202: $? = 0
configure:4222: result: yes
configure:4257: checking for time.h
configure:4264: result: yes
configure:4141: checking sys/time.h usability
configure:4153: gcc -c -g -O2  conftest.c >&5
configure:4159: $? = 0
configure:4163: test -z 
			 || test ! -s conftest.err
configure:4166: $? = 0
configure:4169: test -s conftest.o
configure:4172: $? = 0
configure:4182: result: yes
configure:4186: checking sys/time.h presence
configure:4196: gcc -E  conftest.c
configure:4202: $? = 0
configure:4222: result: yes
configure:4257: checking for sys/time.h
configure:4264: result: yes
configure:4294: checking libutil.h usability
configure:4306: gcc -c -g -O2  conftest.c >&5
conftest.c:61:10: fatal error: libutil.h: No such file or directory
   61 | #include <libutil.h>
      |          ^~~~~~~~~~~
compilation terminated.
configure:4312: $? = 1
configure: failed program was:
| /* confdefs.h.  */
| 
| #define PACKAGE_NAME "rdate"
| #define PACKAGE_TARNAME "rdate"
| #define PACKAGE_VERSION "1.5"
| #define PACKAGE_STRING "rdate 1.5"
| #define PACKAGE_BUGREPORT ""
| #define PACKAGE "rdate"
| #define VERSION "1.5"
| #define HAVE_GETADDRINFO 1
| #define HAVE_GETNAMEINFO 1
| #define HAVE_ADJTIME 1
| #define HAVE_SIGACTION 1
| #define RETSIGTYPE int
| #define HAVE_SYS_TYPES_H 1
| #define HAVE_SYS_STAT_H 1
| #define HAVE_STDLIB_H 1
| #define HAVE_STRING_H 1
| #define HAVE_MEMORY_H 1
| #define HAVE_STRINGS_H 1
| #define HAVE_INTTYPES_H 1
| #define HAVE_STDINT_H 1
| #define HAVE_UNISTD_H 1
| #define HAVE_TIME_H 1
| #define HAVE_SYS_TIME_H 1
| /* end confdefs.h.  */
| #include <stdio.h>
| #if HAVE_SYS_TYPES_H
| # include <sys/types.h>
| #endif
| #if HAVE_SYS_STAT_H
| # include <sys/stat.h>
| #endif
| #if STDC_HEADERS
| # include <stdlib.h>
| # include <stddef.h>
| #else
| # if HAVE_STDLIB_H
| #  include <stdlib.h>
| # endif
| #endif
| #if HAVE_STRING_H
| # if !STDC_HEADERS && HAVE_MEMORY_H
| #  include <memory.h>
| # endif
| # include <string.h>
| #endif
| #if HAVE_STRINGS_H
| # include <strings.h>
| #endif
| #if HAVE_INTTYPES_H
| # include <inttypes.h>
| #else
| # if HAVE_STDINT_H
| #  include <stdint.h>
| # endif
| #endif
| #if HAVE_UNISTD_H
| # include <unistd.h>
| #endif
| #include <libutil.h>
configure:4335: result: no
configure:4339: checking libutil.h presence
configure:4349: gcc -E  conftest.c
conftest.c:27:10: fatal error: libutil.h: No such file or directory
   27 | #include <libutil.h>
      |          ^~~~~~~~~~~
compilation terminated.
configure:4355: $? = 1
configure: failed program was:
| /* confdefs.h.  */
| 
| #define PACKAGE_NAME "rdate"
| #define PACKAGE_TARNAME "rdate"
| #define PACKAGE_VERSION "1.5"
| #define PACKAGE_STRING "rdate 1.5"
| #define PACKAGE_BUGREPORT ""
| #define PACKAGE "rdate"
| #define VERSION "1.5"
| #define HAVE_GETADDRINFO 1
| #define HAVE_GETNAMEINFO 1
| #define HAVE_ADJTIME 1
| #define HAVE_SIGACTION 1
| #define RETSIGTYPE int
| #define HAVE_SYS_TYPES_H 1
| #define HAVE_SYS_STAT_H 1
| #define HAVE_STDLIB_H 1
| #define HAVE_STRING_H 1
| #define HAVE_MEMORY_H 1
| #define HAVE_STRINGS_H 1
| #define HAVE_INTTYPES_H 1
| #define HAVE_STDINT_H 1
| #define HAVE_UNISTD_H 1
| #define HAVE_TIME_H 1
| #define HAVE_SYS_TIME_H 1
| /* end confdefs.h.  */
| #include <libutil.h>
configure:4375: result: no
configure:4410: checking for libutil.h
configure:4417: result: no
configure:4294: checking util.h usability
configure:4306: gcc -c -g -O2  conftest.c >&5
conftest.c:61:10: fatal error: util.h: No such file or directory
   61 | #include <util.h>
      |          ^~~~~~~~
compilation terminated.
configure:4312: $? = 1
configure: failed program was:
| /* confdefs.h.  */
| 
| #define PACKAGE_NAME "rdate"
| #define PACKAGE_TARNAME "rdate"
| #define PACKAGE_VERSION "1.5"
| #define PACKAGE_STRING "rdate 1.5"
| #define PACKAGE_BUGREPORT ""
| #define PACKAGE "rdate"
| #define VERSION "1.5"
| #define HAVE_GETADDRINFO 1
| #define HAVE_GETNAMEINFO 1
| #define HAVE_ADJTIME 1
| #define HAVE_SIGACTION 1
| #define RETSIGTYPE int
| #define HAVE_SYS_TYPES_H 1
| #define HAVE_SYS_STAT_H 1
| #define HAVE_STDLIB_H 1
| #define HAVE_STRING_H 1
| #define HAVE_MEMORY_H 1
| #define HAVE_STRINGS_H 1
| #define HAVE_INTTYPES_H 1
| #define HAVE_STDINT_H 1
| #define HAVE_UNISTD_H 1
| #define HAVE_TIME_H 1
| #define HAVE_SYS_TIME_H 1
| /* end confdefs.h.  */
| #include <stdio.h>
| #if HAVE_SYS_TYPES_H
| # include <sys/types.h>
| #endif
| #if HAVE_SYS_STAT_H
| # include <sys/stat.h>
| #endif
| #if STDC_HEADERS
| # include <stdlib.h>
| # include <stddef.h>
| #else
| # if HAVE_STDLIB_H
| #  include <stdlib.h>
| # endif
| #endif
| #if HAVE_STRING_H
| # if !STDC_HEADERS && HAVE_MEMORY_H
| #  include <memory.h>
| # endif
| # include <string.h>
| #endif
| #if HAVE_STRINGS_H
| # include <strings.h>
| #endif
| #if HAVE_INTTYPES_H
| # include <inttypes.h>
| #else
| # if HAVE_STDINT_H
| #  include <stdint.h>
| # endif
| #endif
| #if HAVE_UNISTD_H
| # include <unistd.h>
| #endif
| #include <util.h>
configure:4335: result: no
configure:4339: checking util.h presence
configure:4349: gcc -E  conftest.c
conftest.c:27:10: fatal error: util.h: No such file or directory
   27 | #include <util.h>
      |          ^~~~~~~~
compilation terminated.
configure:4355: $? = 1
configure: failed program was:
| /* confdefs.h.  */
| 
| #define PACKAGE_NAME "rdate"
| #define PACKAGE_TARNAME "rdate"
| #define PACKAGE_VERSION "1.5"
| #define PACKAGE_STRING "rdate 1.5"
| #define PACKAGE_BUGREPORT ""
| #define PACKAGE "rdate"
| #define VERSION "1.5"
| #define HAVE_GETADDRINFO 1
| #define HAVE_GETNAMEINFO 1
| #define HAVE_ADJTIME 1
| #define HAVE_SIGACTION 1
| #define RETSIGTYPE int
| #define HAVE_SYS_TYPES_H 1
| #define HAVE_SYS_STAT_H 1
| #define HAVE_STDLIB_H 1
| #define HAVE_STRING_H 1
| #define HAVE_MEMORY_H 1
| #define HAVE_STRINGS_H 1
| #define HAVE_INTTYPES_H 1
| #define HAVE_STDINT_H 1
| #define HAVE_UNISTD_H 1
| #define HAVE_TIME_H 1
| #define HAVE_SYS_TIME_H 1
| /* end confdefs.h.  */
| #include <util.h>
configure:4375: result: no
configure:4410: checking for util.h
configure:4417: result: no
configure:4294: checking utmp.h usability
configure:4306: gcc -c -g -O2  conftest.c >&5
configure:4312: $? = 0
configure:4316: test -z 
			 || test ! -s conftest.err
configure:4319: $? = 0
configure:4322: test -s conftest.o
configure:4325: $? = 0
configure:4335: result: yes
configure:4339: checking utmp.h presence
configure:4349: gcc -E  conftest.c
configure:4355: $? = 0
configure:4375: result: yes
configure:4410: checking for utmp.h
configure:4417: result: yes
configure:4285: checking for unistd.h
configure:4290: result: yes
configure:4433: checking for uint32_t
configure:4457: gcc -c -g -O2  conftest.c >&5
configure:4463: $? = 0
configure:4467: test -z 
			 || test ! -s conftest.err
configure:4470: $? = 0
configure:4473: test -s conftest.o
configure:4476: $? = 0
configure:4487: result: yes
configure:4499: checking for uint16_t
configure:4523: gcc -c -g -O2  conftest.c >&5
configure:4529: $? = 0
configure:4533: test -z 
			 || test ! -s conftest.err
configure:4536: $? = 0
configure:4539: test -s conftest.o
configure:4542: $? = 0
configure:4553: result: yes
configure:4565: checking for uint8_t
configure:4589: gcc -c -g -O2  conftest.c >&5
configure:4595: $? = 0
configure:4599: test -z 
			 || test ! -s conftest.err
configure:4602: $? = 0
configure:4605: test -s conftest.o
configure:4608: $? = 0
configure:4619: result: yes
configure:4752: creating ./config.status

## ---------------------- ##
## Running config.status. ##
## ---------------------- ##

This file was extended by rdate config.status 1.5, which was
generated by GNU Autoconf 2.59.  Invocation command line was

  CONFIG_FILES    = 
  CONFIG_HEADERS  = 
  CONFIG_LINKS    = 
  CONFIG_COMMANDS = 
  $ ./config.status 

on balthael

config.status:688: creating Makefile
config.status:688: creating src/Makefile
config.status:792: creating src/config.h
config.status:1094: executing depfiles commands

## ---------------- ##
## Cache variables. ##
## ---------------- ##

ac_cv_c_compiler_gnu=yes
ac_cv_env_CC_set=
ac_cv_env_CC_value=
ac_cv_env_CFLAGS_set=
ac_cv_env_CFLAGS_value=
ac_cv_env_CPPFLAGS_set=
ac_cv_env_CPPFLAGS_value=
ac_cv_env_CPP_set=
ac_cv_env_CPP_value=
ac_cv_env_LDFLAGS_set=
ac_cv_env_LDFLAGS_value=
ac_cv_env_build_alias_set=
ac_cv_env_build_alias_value=
ac_cv_env_host_alias_set=
ac_cv_env_host_alias_value=
ac_cv_env_target_alias_set=
ac_cv_env_target_alias_value=
ac_cv_exeext=
ac_cv_func_adjtime=yes
ac_cv_func_getaddrinfo=yes
ac_cv_func_gethostbyaddr=yes
ac_cv_func_getnameinfo=yes
ac_cv_func_logwtmp=yes
ac_cv_func_sigaction=yes
ac_cv_func_socket=yes
ac_cv_header_inttypes_h=yes
ac_cv_header_libutil_h=no
ac_cv_header_memory_h=yes
ac_cv_header_stdc=no
ac_cv_header_stdint_h=yes
ac_cv_header_stdlib_h=yes
ac_cv_header_string_h=yes
ac_cv_header_strings_h=yes
ac_cv_header_sys_stat_h=yes
ac_cv_header_sys_time_h=yes
ac_cv_header_sys_types_h=yes
ac_cv_header_time_h=yes
ac_cv_header_unistd_h=yes
ac_cv_header_util_h=no
ac_cv_header_utmp_h=yes
ac_cv_objext=o
ac_cv_path_install='/usr/bin/install -c'
ac_cv_prog_AWK=gawk
ac_cv_prog_CPP='gcc -E'
ac_cv_prog_ac_ct_CC=gcc
ac_cv_prog_cc_g=yes
ac_cv_prog_cc_stdc=
ac_cv_prog_egrep='grep -E'
ac_cv_prog_make_make_set=yes
ac_cv_type_signal=int
ac_cv_type_uint16_t=yes
ac_cv_type_uint32_t=yes
ac_cv_type_uint8_t=yes
am_cv_CC_dependencies_compiler_type=gcc3

## ----------------- ##
## Output variables. ##
## ----------------- ##

ACLOCAL='${SHELL} /home/balthael/tools/linux/rdate/src/rdate-1.5/missing --run aclocal-1.8'
AMDEPBACKSLASH='\'
AMDEP_FALSE='#'
AMDEP_TRUE=''
AMTAR='${SHELL} /home/balthael/tools/linux/rdate/src/rdate-1.5/missing --run tar'
AUTOCONF='${SHELL} /home/balthael/tools/linux/rdate/src/rdate-1.5/missing --run autoconf'
AUTOHEADER='${SHELL} /home/balthael/tools/linux/rdate/src/rdate-1.5/missing --run autoheader'
AUTOMAKE='${SHELL} /home/balthael/tools/linux/rdate/src/rdate-1.5/missing --run automake-1.8'
AWK='gawk'
CC='gcc'
CCDEPMODE='depmode=gcc3'
CFLAGS='-g -O2 -Wunused -Wall -pipe'
CPP='gcc -E'
CPPFLAGS=''
CYGPATH_W='echo'
DEFS='-DHAVE_CONFIG_H'
DEPDIR='.deps'
ECHO_C=''
ECHO_N='-n'
ECHO_T=''
EGREP='grep -E'
EXEEXT=''
INSTALL_DATA='${INSTALL} -m 644'
INSTALL_PROGRAM='${INSTALL}'
INSTALL_SCRIPT='${INSTALL}'
INSTALL_STRIP_PROGRAM='${SHELL} $(install_sh) -c -s'
LDFLAGS=''
LIBOBJS=''
LIBS=''
LTLIBOBJS=''
MAKEINFO='${SHELL} /home/balthael/tools/linux/rdate/src/rdate-1.5/missing --run makeinfo'
OBJEXT='o'
PACKAGE='rdate'
PACKAGE_BUGREPORT=''
PACKAGE_NAME='rdate'
PACKAGE_STRING='rdate 1.5'
PACKAGE_TARNAME='rdate'
PACKAGE_VERSION='1.5'
PATH_SEPARATOR=':'
SET_MAKE=''
SHELL='/bin/sh'
STRIP=''
VERSION='1.5'
ac_ct_CC='gcc'
ac_ct_STRIP=''
am__fastdepCC_FALSE='#'
am__fastdepCC_TRUE=''
am__include='include'
am__leading_dot='.'
am__quote=''
bindir='${exec_prefix}/bin'
build_alias=''
datadir='${prefix}/share'
exec_prefix='${prefix}'
host_alias=''
includedir='${prefix}/include'
infodir='${prefix}/info'
install_sh='/home/balthael/tools/linux/rdate/src/rdate-1.5/install-sh'
libdir='${exec_prefix}/lib'
libexecdir='${exec_prefix}/libexec'
localstatedir='${prefix}/var'
mandir='/usr/share/man'
mkdir_p='mkdir -p -- .'
oldincludedir='/usr/include'
prefix='/usr'
program_transform_name='s,x,x,'
sbindir='${exec_prefix}/sbin'
sharedstatedir='${prefix}/com'
sysconfdir='${prefix}/etc'
target_alias=''

## ----------- ##
## confdefs.h. ##
## ----------- ##

#define HAVE_ADJTIME 1
#define HAVE_GETADDRINFO 1
#define HAVE_GETNAMEINFO 1
#define HAVE_INTTYPES_H 1
#define HAVE_MEMORY_H 1
#define HAVE_SIGACTION 1
#define HAVE_STDINT_H 1
#define HAVE_STDLIB_H 1
#define HAVE_STRINGS_H 1
#define HAVE_STRING_H 1
#define HAVE_SYS_STAT_H 1
#define HAVE_SYS_TIME_H 1
#define HAVE_SYS_TYPES_H 1
#define HAVE_TIME_H 1
#define HAVE_UNISTD_H 1
#define HAVE_UNISTD_H 1
#define HAVE_UTMP_H 1
#define PACKAGE "rdate"
#define PACKAGE_BUGREPORT ""
#define PACKAGE_NAME "rdate"
#define PACKAGE_STRING "rdate 1.5"
#define PACKAGE_TARNAME "rdate"
#define PACKAGE_VERSION "1.5"
#define RETSIGTYPE int
#define VERSION "1.5"

configure: exit 0
